2018-08-19 17:28:57,689 ERROR: Exception on /user/susan [GET] [in /home/ubuntu/workspace/microblog/venv/lib/python3.4/site-packages/flask/app.py:1761]
Traceback (most recent call last):
  File "/home/ubuntu/workspace/microblog/venv/lib/python3.4/site-packages/flask/app.py", line 2292, in wsgi_app
    response = self.full_dispatch_request()
  File "/home/ubuntu/workspace/microblog/venv/lib/python3.4/site-packages/flask/app.py", line 1815, in full_dispatch_request
    rv = self.handle_user_exception(e)
  File "/home/ubuntu/workspace/microblog/venv/lib/python3.4/site-packages/flask/app.py", line 1718, in handle_user_exception
    reraise(exc_type, exc_value, tb)
  File "/home/ubuntu/workspace/microblog/venv/lib/python3.4/site-packages/flask/_compat.py", line 35, in reraise
    raise value
  File "/home/ubuntu/workspace/microblog/venv/lib/python3.4/site-packages/flask/app.py", line 1813, in full_dispatch_request
    rv = self.dispatch_request()
  File "/home/ubuntu/workspace/microblog/venv/lib/python3.4/site-packages/flask/app.py", line 1799, in dispatch_request
    return self.view_functions[rule.endpoint](**req.view_args)
  File "/home/ubuntu/workspace/microblog/venv/lib/python3.4/site-packages/flask_login/utils.py", line 261, in decorated_view
    return func(*args, **kwargs)
  File "/home/ubuntu/workspace/microblog/app/routes.py", line 81, in user
    return render_template('user.html', user=user, posts=posts, next_url=next_url, prev_url=prev_url)
  File "/home/ubuntu/workspace/microblog/venv/lib/python3.4/site-packages/flask/templating.py", line 135, in render_template
    context, ctx.app)
  File "/home/ubuntu/workspace/microblog/venv/lib/python3.4/site-packages/flask/templating.py", line 117, in _render
    rv = template.render(context)
  File "/home/ubuntu/workspace/microblog/venv/lib/python3.4/site-packages/jinja2/environment.py", line 1008, in render
    return self.environment.handle_exception(exc_info, True)
  File "/home/ubuntu/workspace/microblog/venv/lib/python3.4/site-packages/jinja2/environment.py", line 780, in handle_exception
    reraise(exc_type, exc_value, tb)
  File "/home/ubuntu/workspace/microblog/venv/lib/python3.4/site-packages/jinja2/_compat.py", line 37, in reraise
    raise value.with_traceback(tb)
  File "/home/ubuntu/workspace/microblog/app/templates/user.html", line 1, in top-level template code
    {% extends "base.html" %}
  File "/home/ubuntu/workspace/microblog/app/templates/base.html", line 1, in top-level template code
    {% extends 'bootstrap/base.html' %}
  File "/home/ubuntu/workspace/microblog/venv/lib/python3.4/site-packages/flask_bootstrap/templates/bootstrap/base.html", line 1, in top-level template code
    {% block doc -%}
  File "/home/ubuntu/workspace/microblog/venv/lib/python3.4/site-packages/flask_bootstrap/templates/bootstrap/base.html", line 4, in block "doc"
    {%- block html %}
  File "/home/ubuntu/workspace/microblog/venv/lib/python3.4/site-packages/flask_bootstrap/templates/bootstrap/base.html", line 20, in block "html"
    {% block body -%}
  File "/home/ubuntu/workspace/microblog/venv/lib/python3.4/site-packages/flask_bootstrap/templates/bootstrap/base.html", line 23, in block "body"
    {% block content -%}
  File "/home/ubuntu/workspace/microblog/app/templates/user.html", line 23, in block "content"
    {% for post in posts %}
TypeError: 'Pagination' object is not iterable
2018-08-19 17:32:23,734 INFO: Microblog startup [in /home/ubuntu/workspace/microblog/app/__init__.py:45]
2018-08-19 17:32:31,149 ERROR: Exception on /user/susan [GET] [in /home/ubuntu/workspace/microblog/venv/lib/python3.4/site-packages/flask/app.py:1761]
Traceback (most recent call last):
  File "/home/ubuntu/workspace/microblog/venv/lib/python3.4/site-packages/flask/app.py", line 2292, in wsgi_app
    response = self.full_dispatch_request()
  File "/home/ubuntu/workspace/microblog/venv/lib/python3.4/site-packages/flask/app.py", line 1815, in full_dispatch_request
    rv = self.handle_user_exception(e)
  File "/home/ubuntu/workspace/microblog/venv/lib/python3.4/site-packages/flask/app.py", line 1718, in handle_user_exception
    reraise(exc_type, exc_value, tb)
  File "/home/ubuntu/workspace/microblog/venv/lib/python3.4/site-packages/flask/_compat.py", line 35, in reraise
    raise value
  File "/home/ubuntu/workspace/microblog/venv/lib/python3.4/site-packages/flask/app.py", line 1813, in full_dispatch_request
    rv = self.dispatch_request()
  File "/home/ubuntu/workspace/microblog/venv/lib/python3.4/site-packages/flask/app.py", line 1799, in dispatch_request
    return self.view_functions[rule.endpoint](**req.view_args)
  File "/home/ubuntu/workspace/microblog/venv/lib/python3.4/site-packages/flask_login/utils.py", line 261, in decorated_view
    return func(*args, **kwargs)
  File "/home/ubuntu/workspace/microblog/app/routes.py", line 81, in user
    return render_template('user.html', user=user, posts=posts, next_url=next_url, prev_url=prev_url)
  File "/home/ubuntu/workspace/microblog/venv/lib/python3.4/site-packages/flask/templating.py", line 135, in render_template
    context, ctx.app)
  File "/home/ubuntu/workspace/microblog/venv/lib/python3.4/site-packages/flask/templating.py", line 117, in _render
    rv = template.render(context)
  File "/home/ubuntu/workspace/microblog/venv/lib/python3.4/site-packages/jinja2/environment.py", line 1008, in render
    return self.environment.handle_exception(exc_info, True)
  File "/home/ubuntu/workspace/microblog/venv/lib/python3.4/site-packages/jinja2/environment.py", line 780, in handle_exception
    reraise(exc_type, exc_value, tb)
  File "/home/ubuntu/workspace/microblog/venv/lib/python3.4/site-packages/jinja2/_compat.py", line 37, in reraise
    raise value.with_traceback(tb)
  File "/home/ubuntu/workspace/microblog/app/templates/user.html", line 1, in top-level template code
    {% extends "base.html" %}
  File "/home/ubuntu/workspace/microblog/app/templates/base.html", line 1, in top-level template code
    {% extends 'bootstrap/base.html' %}
  File "/home/ubuntu/workspace/microblog/venv/lib/python3.4/site-packages/flask_bootstrap/templates/bootstrap/base.html", line 1, in top-level template code
    {% block doc -%}
  File "/home/ubuntu/workspace/microblog/venv/lib/python3.4/site-packages/flask_bootstrap/templates/bootstrap/base.html", line 4, in block "doc"
    {%- block html %}
  File "/home/ubuntu/workspace/microblog/venv/lib/python3.4/site-packages/flask_bootstrap/templates/bootstrap/base.html", line 20, in block "html"
    {% block body -%}
  File "/home/ubuntu/workspace/microblog/venv/lib/python3.4/site-packages/flask_bootstrap/templates/bootstrap/base.html", line 23, in block "body"
    {% block content -%}
  File "/home/ubuntu/workspace/microblog/app/templates/base.html", line 48, in block "content"
    {% block app_content %}{% endblock %}
  File "/home/ubuntu/workspace/microblog/app/templates/user.html", line 23, in block "app_content"
    {% for post in posts %}
TypeError: 'Pagination' object is not iterable
2018-08-19 17:37:41,792 INFO: Microblog startup [in /home/ubuntu/workspace/microblog/app/__init__.py:45]
2018-08-19 17:39:20,285 INFO: Microblog startup [in /home/ubuntu/workspace/microblog/app/__init__.py:45]
2018-08-19 18:11:58,497 INFO: Microblog startup [in /home/ubuntu/workspace/microblog/app/__init__.py:47]
